<?xml version="1.0" encoding="UTF-8"?>
<testng-results skipped="0" failed="0" ignored="0" total="2" passed="2">
  <reporter-output>
  </reporter-output>
  <suite name="Default suite" duration-ms="69378" started-at="2021-07-26T17:52:07 IST" finished-at="2021-07-26T17:53:16 IST">
    <groups>
      <group name="cucumber">
        <method signature="AbstractTestNGCucumberTests.runScenario(io.cucumber.testng.PickleWrapper,io.cucumber.testng.FeatureWrapper)[pri:0, instance:runner.TestngRunner@2de8284b]" name="runScenario" class="io.cucumber.testng.AbstractTestNGCucumberTests"/>
      </group> <!-- cucumber -->
    </groups>
    <test name="Default test" duration-ms="69378" started-at="2021-07-26T17:52:07 IST" finished-at="2021-07-26T17:53:16 IST">
      <class name="runner.TestngRunner">
        <test-method status="PASS" signature="setUpClass()[pri:0, instance:runner.TestngRunner@2de8284b]" name="setUpClass" is-config="true" duration-ms="1134" started-at="2021-07-26T17:52:07 IST" finished-at="2021-07-26T17:52:08 IST">
          <reporter-output>
          </reporter-output>
        </test-method> <!-- setUpClass -->
        <test-method status="PASS" signature="runScenario(io.cucumber.testng.PickleWrapper,io.cucumber.testng.FeatureWrapper)[pri:0, instance:runner.TestngRunner@2de8284b]" name="runScenario" duration-ms="41223" started-at="2021-07-26T17:52:08 IST" description="Runs Cucumber Scenarios" data-provider="scenarios" finished-at="2021-07-26T17:52:49 IST">
          <params>
            <param index="0">
              <value>
                <![CDATA["Search Using the Hardcoded Data in Amazon"]]>
              </value>
            </param>
            <param index="1">
              <value>
                <![CDATA["Optional[User will validate the Amazon Search]"]]>
              </value>
            </param>
          </params>
          <reporter-output>
          </reporter-output>
        </test-method> <!-- runScenario -->
        <test-method status="PASS" signature="runScenario(io.cucumber.testng.PickleWrapper,io.cucumber.testng.FeatureWrapper)[pri:0, instance:runner.TestngRunner@2de8284b]" name="runScenario" duration-ms="23013" started-at="2021-07-26T17:52:49 IST" description="Runs Cucumber Scenarios" data-provider="scenarios" finished-at="2021-07-26T17:53:12 IST">
          <params>
            <param index="0">
              <value>
                <![CDATA["Search Using the Hardcoded Data in Ebay"]]>
              </value>
            </param>
            <param index="1">
              <value>
                <![CDATA["Optional[User will validate the Ebay Search]"]]>
              </value>
            </param>
          </params>
          <reporter-output>
          </reporter-output>
        </test-method> <!-- runScenario -->
        <test-method status="PASS" signature="tearDownClass()[pri:0, instance:runner.TestngRunner@2de8284b]" name="tearDownClass" is-config="true" duration-ms="3833" started-at="2021-07-26T17:53:12 IST" finished-at="2021-07-26T17:53:16 IST">
          <reporter-output>
          </reporter-output>
        </test-method> <!-- tearDownClass -->
      </class> <!-- runner.TestngRunner -->
    </test> <!-- Default test -->
  </suite> <!-- Default suite -->
</testng-results>
